# JRE version: OpenJDK Runtime Environment (8.0_152-b01) (build 1.8.0_152-release-1024-b01)
# Java VM: OpenJDK 64-Bit Server VM (25.152-b01 mixed mode bsd-amd64 compressed oops)
Heap:
 PSYoungGen      total 453632K, used 403329K [0x00000007a0000000, 0x00000007c0000000, 0x00000007c0000000)
  eden space 418816K, 90% used [0x00000007a0000000,0x00000007b70846b8,0x00000007b9900000)
  from space 34816K, 74% used [0x00000007b9900000,0x00000007bb25bee0,0x00000007bbb00000)
  to   space 37376K, 0% used [0x00000007bdb80000,0x00000007bdb80000,0x00000007c0000000)
 ParOldGen       total 273920K, used 82552K [0x0000000760000000, 0x0000000770b80000, 0x00000007a0000000)
  object space 273920K, 30% used [0x0000000760000000,0x000000076509e2e8,0x0000000770b80000)
 Metaspace       used 78663K, capacity 82156K, committed 82392K, reserved 1120256K
  class space    used 10222K, capacity 10931K, committed 11008K, reserved 1048576K
GC Heap History (10 events):
Event: 10.460 GC heap before
{Heap before GC invocations=14 (full 3):
 PSYoungGen      total 229376K, used 228730K [0x00000007a0000000, 0x00000007b1300000, 0x00000007c0000000)
  eden space 197120K, 99% used [0x00000007a0000000,0x00000007abfdf8b8,0x00000007ac080000)
  from space 32256K, 99% used [0x00000007ae480000,0x00000007b03fef60,0x00000007b0400000)
  to   space 36864K, 0% used [0x00000007ac080000,0x00000007ac080000,0x00000007ae480000)
 ParOldGen       total 273920K, used 49491K [0x0000000760000000, 0x0000000770b80000, 0x00000007a0000000)
  object space 273920K, 18% used [0x0000000760000000,0x0000000763054e58,0x0000000770b80000)
 Metaspace       used 69735K, capacity 72276K, committed 72408K, reserved 1112064K
  class space    used 9345K, capacity 9873K, committed 9984K, reserved 1048576K
Event: 10.479 GC heap after
Heap after GC invocations=14 (full 3):
 PSYoungGen      total 233984K, used 96K [0x00000007a0000000, 0x00000007b6980000, 0x00000007c0000000)
  eden space 197120K, 0% used [0x00000007a0000000,0x00000007a0000000,0x00000007ac080000)
  from space 36864K, 0% used [0x00000007ac080000,0x00000007ac098000,0x00000007ae480000)
  to   space 37888K, 0% used [0x00000007b4480000,0x00000007b4480000,0x00000007b6980000)
 ParOldGen       total 273920K, used 77449K [0x0000000760000000, 0x0000000770b80000, 0x00000007a0000000)
  object space 273920K, 28% used [0x0000000760000000,0x0000000764ba2438,0x0000000770b80000)
 Metaspace       used 69735K, capacity 72276K, committed 72408K, reserved 1112064K
  class space    used 9345K, capacity 9873K, committed 9984K, reserved 1048576K
}
Event: 10.499 GC heap before
{Heap before GC invocations=15 (full 3):
 PSYoungGen      total 233984K, used 196380K [0x00000007a0000000, 0x00000007b6980000, 0x00000007c0000000)
  eden space 197120K, 99% used [0x00000007a0000000,0x00000007abfaf320,0x00000007ac080000)
  from space 36864K, 0% used [0x00000007ac080000,0x00000007ac098000,0x00000007ae480000)
  to   space 37888K, 0% used [0x00000007b4480000,0x00000007b4480000,0x00000007b6980000)
 ParOldGen       total 273920K, used 77449K [0x0000000760000000, 0x0000000770b80000, 0x00000007a0000000)
  object space 273920K, 28% used [0x0000000760000000,0x0000000764ba2438,0x0000000770b80000)
 Metaspace       used 69743K, capacity 72276K, committed 72408K, reserved 1112064K
  class space    used 9345K, capacity 9873K, committed 9984K, reserved 1048576K
Event: 10.501 GC heap after
Heap after GC invocations=15 (full 3):
 PSYoungGen      total 331264K, used 224K [0x00000007a0000000, 0x00000007b6980000, 0x00000007c0000000)
  eden space 293376K, 0% used [0x00000007a0000000,0x00000007a0000000,0x00000007b1e80000)
  from space 37888K, 0% used [0x00000007b4480000,0x00000007b44b8000,0x00000007b6980000)
  to   space 38400K, 0% used [0x00000007b1e80000,0x00000007b1e80000,0x00000007b4400000)
 ParOldGen       total 273920K, used 77497K [0x0000000760000000, 0x0000000770b80000, 0x00000007a0000000)
  object space 273920K, 28% used [0x0000000760000000,0x0000000764bae438,0x0000000770b80000)
 Metaspace       used 69743K, capacity 72276K, committed 72408K, reserved 1112064K
  class space    used 9345K, capacity 9873K, committed 9984K, reserved 1048576K
}
Event: 361.307 GC heap before
{Heap before GC invocations=16 (full 3):
 PSYoungGen      total 331264K, used 293337K [0x00000007a0000000, 0x00000007b6980000, 0x00000007c0000000)
  eden space 293376K, 99% used [0x00000007a0000000,0x00000007b1e3e648,0x00000007b1e80000)
  from space 37888K, 0% used [0x00000007b4480000,0x00000007b44b8000,0x00000007b6980000)
  to   space 38400K, 0% used [0x00000007b1e80000,0x00000007b1e80000,0x00000007b4400000)
 ParOldGen       total 273920K, used 77497K [0x0000000760000000, 0x0000000770b80000, 0x00000007a0000000)
  object space 273920K, 28% used [0x0000000760000000,0x0000000764bae438,0x0000000770b80000)
 Metaspace       used 72671K, capacity 75374K, committed 75480K, reserved 1114112K
  class space    used 9559K, capacity 10136K, committed 10240K, reserved 1048576K
Event: 361.317 GC heap after
Heap after GC invocations=16 (full 3):
 PSYoungGen      total 331776K, used 12980K [0x00000007a0000000, 0x00000007be980000, 0x00000007c0000000)
  eden space 293376K, 0% used [0x00000007a0000000,0x00000007a0000000,0x00000007b1e80000)
  from space 38400K, 33% used [0x00000007b1e80000,0x00000007b2b2d180,0x00000007b4400000)
  to   space 36352K, 0% used [0x00000007bc600000,0x00000007bc600000,0x00000007be980000)
 ParOldGen       total 273920K, used 77553K [0x0000000760000000, 0x0000000770b80000, 0x00000007a0000000)
  object space 273920K, 28% used [0x0000000760000000,0x0000000764bbc438,0x0000000770b80000)
 Metaspace       used 72671K, capacity 75374K, committed 75480K, reserved 1114112K
  class space    used 9559K, capacity 10136K, committed 10240K, reserved 1048576K
}
Event: 832.948 GC heap before
{Heap before GC invocations=17 (full 3):
 PSYoungGen      total 331776K, used 305628K [0x00000007a0000000, 0x00000007be980000, 0x00000007c0000000)
  eden space 293376K, 99% used [0x00000007a0000000,0x00000007b1dca240,0x00000007b1e80000)
  from space 38400K, 33% used [0x00000007b1e80000,0x00000007b2b2d180,0x00000007b4400000)
  to   space 36352K, 0% used [0x00000007bc600000,0x00000007bc600000,0x00000007be980000)
 ParOldGen       total 273920K, used 77553K [0x0000000760000000, 0x0000000770b80000, 0x00000007a0000000)
  object space 273920K, 28% used [0x0000000760000000,0x0000000764bbc438,0x0000000770b80000)
 Metaspace       used 74363K, capacity 77432K, committed 77528K, reserved 1116160K
  class space    used 9777K, capacity 10439K, committed 10496K, reserved 1048576K
Event: 832.956 GC heap after
Heap after GC invocations=17 (full 3):
 PSYoungGen      total 442368K, used 7325K [0x00000007a0000000, 0x00000007bdd00000, 0x00000007c0000000)
  eden space 418816K, 0% used [0x00000007a0000000,0x00000007a0000000,0x00000007b9900000)
  from space 23552K, 31% used [0x00000007bc600000,0x00000007bcd277f0,0x00000007bdd00000)
  to   space 34816K, 0% used [0x00000007b9900000,0x00000007b9900000,0x00000007bbb00000)
 ParOldGen       total 273920K, used 78317K [0x0000000760000000, 0x0000000770b80000, 0x00000007a0000000)
  object space 273920K, 28% used [0x0000000760000000,0x0000000764c7b788,0x0000000770b80000)
 Metaspace       used 74363K, capacity 77432K, committed 77528K, reserved 1116160K
  class space    used 9777K, capacity 10439K, committed 10496K, reserved 1048576K
}
Event: 835.936 GC heap before
{Heap before GC invocations=18 (full 3):
 PSYoungGen      total 442368K, used 426141K [0x00000007a0000000, 0x00000007bdd00000, 0x00000007c0000000)
  eden space 418816K, 100% used [0x00000007a0000000,0x00000007b9900000,0x00000007b9900000)
  from space 23552K, 31% used [0x00000007bc600000,0x00000007bcd277f0,0x00000007bdd00000)
  to   space 34816K, 0% used [0x00000007b9900000,0x00000007b9900000,0x00000007bbb00000)
 ParOldGen       total 273920K, used 78317K [0x0000000760000000, 0x0000000770b80000, 0x00000007a0000000)
  object space 273920K, 28% used [0x0000000760000000,0x0000000764c7b788,0x0000000770b80000)
 Metaspace       used 76784K, capacity 79994K, committed 80088K, reserved 1118208K
  class space    used 9991K, capacity 10664K, committed 10752K, reserved 1048576K
Event: 835.963 GC heap after
Heap after GC invocations=18 (full 3):
 PSYoungGen      total 453632K, used 25967K [0x00000007a0000000, 0x00000007c0000000, 0x00000007c0000000)
  eden space 418816K, 0% used [0x00000007a0000000,0x00000007a0000000,0x00000007b9900000)
  from space 34816K, 74% used [0x00000007b9900000,0x00000007bb25bee0,0x00000007bbb00000)
  to   space 37376K, 0% used [0x00000007bdb80000,0x00000007bdb80000,0x00000007c0000000)
 ParOldGen       total 273920K, used 82552K [0x0000000760000000, 0x0000000770b80000, 0x00000007a0000000)
  object space 273920K, 30% used [0x0000000760000000,0x000000076509e2e8,0x0000000770b80000)
 Metaspace       used 76784K, capacity 79994K, committed 80088K, reserved 1118208K
  class space    used 9991K, capacity 10664K, committed 10752K, reserved 1048576K
}

