# JRE version: OpenJDK Runtime Environment (8.0_152-b01) (build 1.8.0_152-release-1024-b01)
# Java VM: OpenJDK 64-Bit Server VM (25.152-b01 mixed mode bsd-amd64 compressed oops)
Heap:
 PSYoungGen      total 441856K, used 134242K [0x00000007a0000000, 0x00000007bda00000, 0x00000007c0000000)
  eden space 416768K, 27% used [0x00000007a0000000,0x00000007a6fc5d38,0x00000007b9700000)
  from space 25088K, 78% used [0x00000007bc180000,0x00000007bd4d2e58,0x00000007bda00000)
  to   space 34304K, 0% used [0x00000007b9700000,0x00000007b9700000,0x00000007bb880000)
 ParOldGen       total 241152K, used 79567K [0x0000000760000000, 0x000000076eb80000, 0x00000007a0000000)
  object space 241152K, 32% used [0x0000000760000000,0x0000000764db3ef8,0x000000076eb80000)
 Metaspace       used 87196K, capacity 93520K, committed 93656K, reserved 1130496K
  class space    used 10795K, capacity 12270K, committed 12288K, reserved 1048576K
GC Heap History (10 events):
Event: 6226.820 GC heap before
{Heap before GC invocations=31 (full 3):
 PSYoungGen      total 304640K, used 286854K [0x00000007a0000000, 0x00000007b6780000, 0x00000007c0000000)
  eden space 272384K, 100% used [0x00000007a0000000,0x00000007b0a00000,0x00000007b0a00000)
  from space 32256K, 44% used [0x00000007b0a00000,0x00000007b18218a8,0x00000007b2980000)
  to   space 31232K, 0% used [0x00000007b4900000,0x00000007b4900000,0x00000007b6780000)
 ParOldGen       total 241152K, used 69705K [0x0000000760000000, 0x000000076eb80000, 0x00000007a0000000)
  object space 241152K, 28% used [0x0000000760000000,0x0000000764412590,0x000000076eb80000)
 Metaspace       used 86161K, capacity 92312K, committed 92504K, reserved 1130496K
  class space    used 10746K, capacity 12119K, committed 12160K, reserved 1048576K
Event: 6226.844 GC heap after
Heap after GC invocations=31 (full 3):
 PSYoungGen      total 335872K, used 23734K [0x00000007a0000000, 0x00000007b8280000, 0x00000007c0000000)
  eden space 304640K, 0% used [0x00000007a0000000,0x00000007a0000000,0x00000007b2980000)
  from space 31232K, 75% used [0x00000007b4900000,0x00000007b602db60,0x00000007b6780000)
  to   space 32256K, 0% used [0x00000007b2980000,0x00000007b2980000,0x00000007b4900000)
 ParOldGen       total 241152K, used 71352K [0x0000000760000000, 0x000000076eb80000, 0x00000007a0000000)
  object space 241152K, 29% used [0x0000000760000000,0x00000007645ae2b0,0x000000076eb80000)
 Metaspace       used 86161K, capacity 92312K, committed 92504K, reserved 1130496K
  class space    used 10746K, capacity 12119K, committed 12160K, reserved 1048576K
}
Event: 6227.898 GC heap before
{Heap before GC invocations=32 (full 3):
 PSYoungGen      total 335872K, used 328236K [0x00000007a0000000, 0x00000007b8280000, 0x00000007c0000000)
  eden space 304640K, 99% used [0x00000007a0000000,0x00000007b295d7c0,0x00000007b2980000)
  from space 31232K, 75% used [0x00000007b4900000,0x00000007b602db60,0x00000007b6780000)
  to   space 32256K, 0% used [0x00000007b2980000,0x00000007b2980000,0x00000007b4900000)
 ParOldGen       total 241152K, used 71352K [0x0000000760000000, 0x000000076eb80000, 0x00000007a0000000)
  object space 241152K, 29% used [0x0000000760000000,0x00000007645ae2b0,0x000000076eb80000)
 Metaspace       used 86237K, capacity 92440K, committed 92504K, reserved 1130496K
  class space    used 10746K, capacity 12119K, committed 12160K, reserved 1048576K
Event: 6227.912 GC heap after
Heap after GC invocations=32 (full 3):
 PSYoungGen      total 336896K, used 17180K [0x00000007a0000000, 0x00000007ba200000, 0x00000007c0000000)
  eden space 304640K, 0% used [0x00000007a0000000,0x00000007a0000000,0x00000007b2980000)
  from space 32256K, 53% used [0x00000007b2980000,0x00000007b3a47388,0x00000007b4900000)
  to   space 30720K, 0% used [0x00000007b8400000,0x00000007b8400000,0x00000007ba200000)
 ParOldGen       total 241152K, used 71539K [0x0000000760000000, 0x000000076eb80000, 0x00000007a0000000)
  object space 241152K, 29% used [0x0000000760000000,0x00000007645dce60,0x000000076eb80000)
 Metaspace       used 86237K, capacity 92440K, committed 92504K, reserved 1130496K
  class space    used 10746K, capacity 12119K, committed 12160K, reserved 1048576K
}
Event: 6228.849 GC heap before
{Heap before GC invocations=33 (full 3):
 PSYoungGen      total 336896K, used 321820K [0x00000007a0000000, 0x00000007ba200000, 0x00000007c0000000)
  eden space 304640K, 100% used [0x00000007a0000000,0x00000007b2980000,0x00000007b2980000)
  from space 32256K, 53% used [0x00000007b2980000,0x00000007b3a47388,0x00000007b4900000)
  to   space 30720K, 0% used [0x00000007b8400000,0x00000007b8400000,0x00000007ba200000)
 ParOldGen       total 241152K, used 71539K [0x0000000760000000, 0x000000076eb80000, 0x00000007a0000000)
  object space 241152K, 29% used [0x0000000760000000,0x00000007645dce60,0x000000076eb80000)
 Metaspace       used 86568K, capacity 92784K, committed 93016K, reserved 1130496K
  class space    used 10773K, capacity 12160K, committed 12160K, reserved 1048576K
Event: 6228.878 GC heap after
Heap after GC invocations=33 (full 3):
 PSYoungGen      total 391168K, used 30700K [0x00000007a0000000, 0x00000007bac00000, 0x00000007c0000000)
  eden space 360448K, 0% used [0x00000007a0000000,0x00000007a0000000,0x00000007b6000000)
  from space 30720K, 99% used [0x00000007b8400000,0x00000007ba1fb170,0x00000007ba200000)
  to   space 36864K, 0% used [0x00000007b6000000,0x00000007b6000000,0x00000007b8400000)
 ParOldGen       total 241152K, used 77625K [0x0000000760000000, 0x000000076eb80000, 0x00000007a0000000)
  object space 241152K, 32% used [0x0000000760000000,0x0000000764bce5e0,0x000000076eb80000)
 Metaspace       used 86568K, capacity 92784K, committed 93016K, reserved 1130496K
  class space    used 10773K, capacity 12160K, committed 12160K, reserved 1048576K
}
Event: 6718.331 GC heap before
{Heap before GC invocations=34 (full 3):
 PSYoungGen      total 391168K, used 391083K [0x00000007a0000000, 0x00000007bac00000, 0x00000007c0000000)
  eden space 360448K, 99% used [0x00000007a0000000,0x00000007b5fefb08,0x00000007b6000000)
  from space 30720K, 99% used [0x00000007b8400000,0x00000007ba1fb170,0x00000007ba200000)
  to   space 36864K, 0% used [0x00000007b6000000,0x00000007b6000000,0x00000007b8400000)
 ParOldGen       total 241152K, used 77625K [0x0000000760000000, 0x000000076eb80000, 0x00000007a0000000)
  object space 241152K, 32% used [0x0000000760000000,0x0000000764bce5e0,0x000000076eb80000)
 Metaspace       used 86719K, capacity 93024K, committed 93144K, reserved 1130496K
  class space    used 10779K, capacity 12170K, committed 12288K, reserved 1048576K
Event: 6718.351 GC heap after
Heap after GC invocations=34 (full 3):
 PSYoungGen      total 397312K, used 21977K [0x00000007a0000000, 0x00000007be480000, 0x00000007c0000000)
  eden space 360448K, 0% used [0x00000007a0000000,0x00000007a0000000,0x00000007b6000000)
  from space 36864K, 59% used [0x00000007b6000000,0x00000007b7576410,0x00000007b8400000)
  to   space 35840K, 0% used [0x00000007bc180000,0x00000007bc180000,0x00000007be480000)
 ParOldGen       total 241152K, used 77960K [0x0000000760000000, 0x000000076eb80000, 0x00000007a0000000)
  object space 241152K, 32% used [0x0000000760000000,0x0000000764c22020,0x000000076eb80000)
 Metaspace       used 86719K, capacity 93024K, committed 93144K, reserved 1130496K
  class space    used 10779K, capacity 12170K, committed 12288K, reserved 1048576K
}
Event: 15559.651 GC heap before
{Heap before GC invocations=35 (full 3):
 PSYoungGen      total 397312K, used 382425K [0x00000007a0000000, 0x00000007be480000, 0x00000007c0000000)
  eden space 360448K, 100% used [0x00000007a0000000,0x00000007b6000000,0x00000007b6000000)
  from space 36864K, 59% used [0x00000007b6000000,0x00000007b7576410,0x00000007b8400000)
  to   space 35840K, 0% used [0x00000007bc180000,0x00000007bc180000,0x00000007be480000)
 ParOldGen       total 241152K, used 77960K [0x0000000760000000, 0x000000076eb80000, 0x00000007a0000000)
  object space 241152K, 32% used [0x0000000760000000,0x0000000764c22020,0x000000076eb80000)
 Metaspace       used 87034K, capacity 93354K, committed 93656K, reserved 1130496K
  class space    used 10788K, capacity 12236K, committed 12288K, reserved 1048576K
Event: 15559.675 GC heap after
Heap after GC invocations=35 (full 3):
 PSYoungGen      total 441856K, used 19787K [0x00000007a0000000, 0x00000007bda00000, 0x00000007c0000000)
  eden space 416768K, 0% used [0x00000007a0000000,0x00000007a0000000,0x00000007b9700000)
  from space 25088K, 78% used [0x00000007bc180000,0x00000007bd4d2e58,0x00000007bda00000)
  to   space 34304K, 0% used [0x00000007b9700000,0x00000007b9700000,0x00000007bb880000)
 ParOldGen       total 241152K, used 79567K [0x0000000760000000, 0x000000076eb80000, 0x00000007a0000000)
  object space 241152K, 32% used [0x0000000760000000,0x0000000764db3ef8,0x000000076eb80000)
 Metaspace       used 87034K, capacity 93354K, committed 93656K, reserved 1130496K
  class space    used 10788K, capacity 12236K, committed 12288K, reserved 1048576K
}

