# JRE version: OpenJDK Runtime Environment (8.0_152-b01) (build 1.8.0_152-release-1024-b01)
# Java VM: OpenJDK 64-Bit Server VM (25.152-b01 mixed mode bsd-amd64 compressed oops)
Heap:
 PSYoungGen      total 138240K, used 48993K [0x00000007a0000000, 0x00000007aab00000, 0x00000007c0000000)
  eden space 127488K, 38% used [0x00000007a0000000,0x00000007a2fd8580,0x00000007a7c80000)
  from space 10752K, 0% used [0x00000007a7c80000,0x00000007a7c80000,0x00000007a8700000)
  to   space 13312K, 0% used [0x00000007a9e00000,0x00000007a9e00000,0x00000007aab00000)
 ParOldGen       total 172544K, used 19237K [0x0000000760000000, 0x000000076a880000, 0x00000007a0000000)
  object space 172544K, 11% used [0x0000000760000000,0x00000007612c9500,0x000000076a880000)
 Metaspace       used 36520K, capacity 37196K, committed 37464K, reserved 1081344K
  class space    used 5024K, capacity 5232K, committed 5248K, reserved 1048576K
GC Heap History (10 events):
Event: 2.615 GC heap before
{Heap before GC invocations=3 (full 0):
 PSYoungGen      total 76288K, used 32547K [0x00000007a0000000, 0x00000007a9500000, 0x00000007c0000000)
  eden space 65536K, 33% used [0x00000007a0000000,0x00000007a15a48f0,0x00000007a4000000)
  from space 10752K, 96% used [0x00000007a4a80000,0x00000007a54a4320,0x00000007a5500000)
  to   space 10752K, 0% used [0x00000007a4000000,0x00000007a4000000,0x00000007a4a80000)
 ParOldGen       total 175104K, used 16K [0x0000000760000000, 0x000000076ab00000, 0x00000007a0000000)
  object space 175104K, 0% used [0x0000000760000000,0x0000000760004000,0x000000076ab00000)
 Metaspace       used 20672K, capacity 21070K, committed 21248K, reserved 1067008K
  class space    used 2898K, capacity 3037K, committed 3072K, reserved 1048576K
Event: 2.623 GC heap after
Heap after GC invocations=3 (full 0):
 PSYoungGen      total 76288K, used 8899K [0x00000007a0000000, 0x00000007a9500000, 0x00000007c0000000)
  eden space 65536K, 0% used [0x00000007a0000000,0x00000007a0000000,0x00000007a4000000)
  from space 10752K, 82% used [0x00000007a4000000,0x00000007a48b0d38,0x00000007a4a80000)
  to   space 10752K, 0% used [0x00000007a8a80000,0x00000007a8a80000,0x00000007a9500000)
 ParOldGen       total 175104K, used 24K [0x0000000760000000, 0x000000076ab00000, 0x00000007a0000000)
  object space 175104K, 0% used [0x0000000760000000,0x0000000760006000,0x000000076ab00000)
 Metaspace       used 20672K, capacity 21070K, committed 21248K, reserved 1067008K
  class space    used 2898K, capacity 3037K, committed 3072K, reserved 1048576K
}
Event: 2.623 GC heap before
{Heap before GC invocations=4 (full 1):
 PSYoungGen      total 76288K, used 8899K [0x00000007a0000000, 0x00000007a9500000, 0x00000007c0000000)
  eden space 65536K, 0% used [0x00000007a0000000,0x00000007a0000000,0x00000007a4000000)
  from space 10752K, 82% used [0x00000007a4000000,0x00000007a48b0d38,0x00000007a4a80000)
  to   space 10752K, 0% used [0x00000007a8a80000,0x00000007a8a80000,0x00000007a9500000)
 ParOldGen       total 175104K, used 24K [0x0000000760000000, 0x000000076ab00000, 0x00000007a0000000)
  object space 175104K, 0% used [0x0000000760000000,0x0000000760006000,0x000000076ab00000)
 Metaspace       used 20672K, capacity 21070K, committed 21248K, reserved 1067008K
  class space    used 2898K, capacity 3037K, committed 3072K, reserved 1048576K
Event: 2.656 GC heap after
Heap after GC invocations=4 (full 1):
 PSYoungGen      total 76288K, used 0K [0x00000007a0000000, 0x00000007a9500000, 0x00000007c0000000)
  eden space 65536K, 0% used [0x00000007a0000000,0x00000007a0000000,0x00000007a4000000)
  from space 10752K, 0% used [0x00000007a4000000,0x00000007a4000000,0x00000007a4a80000)
  to   space 10752K, 0% used [0x00000007a8a80000,0x00000007a8a80000,0x00000007a9500000)
 ParOldGen       total 104960K, used 8690K [0x0000000760000000, 0x0000000766680000, 0x00000007a0000000)
  object space 104960K, 8% used [0x0000000760000000,0x000000076087cb90,0x0000000766680000)
 Metaspace       used 20672K, capacity 21070K, committed 21248K, reserved 1067008K
  class space    used 2898K, capacity 3037K, committed 3072K, reserved 1048576K
}
Event: 3.399 GC heap before
{Heap before GC invocations=5 (full 1):
 PSYoungGen      total 76288K, used 65536K [0x00000007a0000000, 0x00000007a9500000, 0x00000007c0000000)
  eden space 65536K, 100% used [0x00000007a0000000,0x00000007a4000000,0x00000007a4000000)
  from space 10752K, 0% used [0x00000007a4000000,0x00000007a4000000,0x00000007a4a80000)
  to   space 10752K, 0% used [0x00000007a8a80000,0x00000007a8a80000,0x00000007a9500000)
 ParOldGen       total 104960K, used 8690K [0x0000000760000000, 0x0000000766680000, 0x00000007a0000000)
  object space 104960K, 8% used [0x0000000760000000,0x000000076087cb90,0x0000000766680000)
 Metaspace       used 26203K, capacity 26638K, committed 26880K, reserved 1073152K
  class space    used 3628K, capacity 3796K, committed 3840K, reserved 1048576K
Event: 3.407 GC heap after
Heap after GC invocations=5 (full 1):
 PSYoungGen      total 106496K, used 6860K [0x00000007a0000000, 0x00000007a9180000, 0x00000007c0000000)
  eden space 99328K, 0% used [0x00000007a0000000,0x00000007a0000000,0x00000007a6100000)
  from space 7168K, 95% used [0x00000007a8a80000,0x00000007a9133338,0x00000007a9180000)
  to   space 10752K, 0% used [0x00000007a7c80000,0x00000007a7c80000,0x00000007a8700000)
 ParOldGen       total 104960K, used 8698K [0x0000000760000000, 0x0000000766680000, 0x00000007a0000000)
  object space 104960K, 8% used [0x0000000760000000,0x000000076087eb90,0x0000000766680000)
 Metaspace       used 26203K, capacity 26638K, committed 26880K, reserved 1073152K
  class space    used 3628K, capacity 3796K, committed 3840K, reserved 1048576K
}
Event: 4.536 GC heap before
{Heap before GC invocations=6 (full 1):
 PSYoungGen      total 106496K, used 96277K [0x00000007a0000000, 0x00000007a9180000, 0x00000007c0000000)
  eden space 99328K, 90% used [0x00000007a0000000,0x00000007a5752480,0x00000007a6100000)
  from space 7168K, 95% used [0x00000007a8a80000,0x00000007a9133338,0x00000007a9180000)
  to   space 10752K, 0% used [0x00000007a7c80000,0x00000007a7c80000,0x00000007a8700000)
 ParOldGen       total 104960K, used 8698K [0x0000000760000000, 0x0000000766680000, 0x00000007a0000000)
  object space 104960K, 8% used [0x0000000760000000,0x000000076087eb90,0x0000000766680000)
 Metaspace       used 34634K, capacity 35200K, committed 35416K, reserved 1079296K
  class space    used 4772K, capacity 4970K, committed 4992K, reserved 1048576K
Event: 4.548 GC heap after
Heap after GC invocations=6 (full 1):
 PSYoungGen      total 138240K, used 10750K [0x00000007a0000000, 0x00000007aab00000, 0x00000007c0000000)
  eden space 127488K, 0% used [0x00000007a0000000,0x00000007a0000000,0x00000007a7c80000)
  from space 10752K, 99% used [0x00000007a7c80000,0x00000007a86ffae8,0x00000007a8700000)
  to   space 13312K, 0% used [0x00000007a9e00000,0x00000007a9e00000,0x00000007aab00000)
 ParOldGen       total 104960K, used 10637K [0x0000000760000000, 0x0000000766680000, 0x00000007a0000000)
  object space 104960K, 10% used [0x0000000760000000,0x0000000760a63650,0x0000000766680000)
 Metaspace       used 34634K, capacity 35200K, committed 35416K, reserved 1079296K
  class space    used 4772K, capacity 4970K, committed 4992K, reserved 1048576K
}
Event: 4.548 GC heap before
{Heap before GC invocations=7 (full 2):
 PSYoungGen      total 138240K, used 10750K [0x00000007a0000000, 0x00000007aab00000, 0x00000007c0000000)
  eden space 127488K, 0% used [0x00000007a0000000,0x00000007a0000000,0x00000007a7c80000)
  from space 10752K, 99% used [0x00000007a7c80000,0x00000007a86ffae8,0x00000007a8700000)
  to   space 13312K, 0% used [0x00000007a9e00000,0x00000007a9e00000,0x00000007aab00000)
 ParOldGen       total 104960K, used 10637K [0x0000000760000000, 0x0000000766680000, 0x00000007a0000000)
  object space 104960K, 10% used [0x0000000760000000,0x0000000760a63650,0x0000000766680000)
 Metaspace       used 34634K, capacity 35200K, committed 35416K, reserved 1079296K
  class space    used 4772K, capacity 4970K, committed 4992K, reserved 1048576K
Event: 4.587 GC heap after
Heap after GC invocations=7 (full 2):
 PSYoungGen      total 138240K, used 0K [0x00000007a0000000, 0x00000007aab00000, 0x00000007c0000000)
  eden space 127488K, 0% used [0x00000007a0000000,0x00000007a0000000,0x00000007a7c80000)
  from space 10752K, 0% used [0x00000007a7c80000,0x00000007a7c80000,0x00000007a8700000)
  to   space 13312K, 0% used [0x00000007a9e00000,0x00000007a9e00000,0x00000007aab00000)
 ParOldGen       total 172544K, used 19237K [0x0000000760000000, 0x000000076a880000, 0x00000007a0000000)
  object space 172544K, 11% used [0x0000000760000000,0x00000007612c9500,0x000000076a880000)
 Metaspace       used 34634K, capacity 35200K, committed 35416K, reserved 1079296K
  class space    used 4772K, capacity 4970K, committed 4992K, reserved 1048576K
}

