# JRE version: OpenJDK Runtime Environment (8.0_152-b01) (build 1.8.0_152-release-1024-b01)
# Java VM: OpenJDK 64-Bit Server VM (25.152-b01 mixed mode bsd-amd64 compressed oops)
Heap:
 PSYoungGen      total 162304K, used 39055K [0x00000007a0000000, 0x00000007ad280000, 0x00000007c0000000)
  eden space 148992K, 17% used [0x00000007a0000000,0x00000007a1927668,0x00000007a9180000)
  from space 13312K, 99% used [0x00000007aa080000,0x00000007aad7c890,0x00000007aad80000)
  to   space 15360K, 0% used [0x00000007a9180000,0x00000007a9180000,0x00000007aa080000)
 ParOldGen       total 167936K, used 19679K [0x0000000760000000, 0x000000076a400000, 0x00000007a0000000)
  object space 167936K, 11% used [0x0000000760000000,0x0000000761337f48,0x000000076a400000)
 Metaspace       used 45862K, capacity 46834K, committed 47320K, reserved 1089536K
  class space    used 6249K, capacity 6542K, committed 6656K, reserved 1048576K
GC Heap History (10 events):
Event: 2.873 GC heap before
{Heap before GC invocations=4 (full 1):
 PSYoungGen      total 76288K, used 8918K [0x00000007a0000000, 0x00000007a9500000, 0x00000007c0000000)
  eden space 65536K, 0% used [0x00000007a0000000,0x00000007a0000000,0x00000007a4000000)
  from space 10752K, 82% used [0x00000007a4000000,0x00000007a48b5858,0x00000007a4a80000)
  to   space 10752K, 0% used [0x00000007a8a80000,0x00000007a8a80000,0x00000007a9500000)
 ParOldGen       total 175104K, used 32K [0x0000000760000000, 0x000000076ab00000, 0x00000007a0000000)
  object space 175104K, 0% used [0x0000000760000000,0x0000000760008000,0x000000076ab00000)
 Metaspace       used 20746K, capacity 21102K, committed 21248K, reserved 1067008K
  class space    used 2914K, capacity 3069K, committed 3072K, reserved 1048576K
Event: 2.904 GC heap after
Heap after GC invocations=4 (full 1):
 PSYoungGen      total 76288K, used 0K [0x00000007a0000000, 0x00000007a9500000, 0x00000007c0000000)
  eden space 65536K, 0% used [0x00000007a0000000,0x00000007a0000000,0x00000007a4000000)
  from space 10752K, 0% used [0x00000007a4000000,0x00000007a4000000,0x00000007a4a80000)
  to   space 10752K, 0% used [0x00000007a8a80000,0x00000007a8a80000,0x00000007a9500000)
 ParOldGen       total 103936K, used 8669K [0x0000000760000000, 0x0000000766580000, 0x00000007a0000000)
  object space 103936K, 8% used [0x0000000760000000,0x0000000760877470,0x0000000766580000)
 Metaspace       used 20746K, capacity 21102K, committed 21248K, reserved 1067008K
  class space    used 2914K, capacity 3069K, committed 3072K, reserved 1048576K
}
Event: 3.778 GC heap before
{Heap before GC invocations=5 (full 1):
 PSYoungGen      total 76288K, used 65536K [0x00000007a0000000, 0x00000007a9500000, 0x00000007c0000000)
  eden space 65536K, 100% used [0x00000007a0000000,0x00000007a4000000,0x00000007a4000000)
  from space 10752K, 0% used [0x00000007a4000000,0x00000007a4000000,0x00000007a4a80000)
  to   space 10752K, 0% used [0x00000007a8a80000,0x00000007a8a80000,0x00000007a9500000)
 ParOldGen       total 103936K, used 8669K [0x0000000760000000, 0x0000000766580000, 0x00000007a0000000)
  object space 103936K, 8% used [0x0000000760000000,0x0000000760877470,0x0000000766580000)
 Metaspace       used 26277K, capacity 26798K, committed 27136K, reserved 1073152K
  class space    used 3638K, capacity 3828K, committed 3840K, reserved 1048576K
Event: 3.786 GC heap after
Heap after GC invocations=5 (full 1):
 PSYoungGen      total 107520K, used 6853K [0x00000007a0000000, 0x00000007a9180000, 0x00000007c0000000)
  eden space 100352K, 0% used [0x00000007a0000000,0x00000007a0000000,0x00000007a6200000)
  from space 7168K, 95% used [0x00000007a8a80000,0x00000007a9131760,0x00000007a9180000)
  to   space 10752K, 0% used [0x00000007a7c80000,0x00000007a7c80000,0x00000007a8700000)
 ParOldGen       total 103936K, used 8677K [0x0000000760000000, 0x0000000766580000, 0x00000007a0000000)
  object space 103936K, 8% used [0x0000000760000000,0x0000000760879470,0x0000000766580000)
 Metaspace       used 26277K, capacity 26798K, committed 27136K, reserved 1073152K
  class space    used 3638K, capacity 3828K, committed 3840K, reserved 1048576K
}
Event: 5.279 GC heap before
{Heap before GC invocations=6 (full 1):
 PSYoungGen      total 107520K, used 96134K [0x00000007a0000000, 0x00000007a9180000, 0x00000007c0000000)
  eden space 100352K, 88% used [0x00000007a0000000,0x00000007a5730260,0x00000007a6200000)
  from space 7168K, 95% used [0x00000007a8a80000,0x00000007a9131760,0x00000007a9180000)
  to   space 10752K, 0% used [0x00000007a7c80000,0x00000007a7c80000,0x00000007a8700000)
 ParOldGen       total 103936K, used 8677K [0x0000000760000000, 0x0000000766580000, 0x00000007a0000000)
  object space 103936K, 8% used [0x0000000760000000,0x0000000760879470,0x0000000766580000)
 Metaspace       used 34652K, capacity 35200K, committed 35416K, reserved 1079296K
  class space    used 4771K, capacity 4970K, committed 4992K, reserved 1048576K
Event: 5.289 GC heap after
Heap after GC invocations=6 (full 1):
 PSYoungGen      total 138240K, used 10725K [0x00000007a0000000, 0x00000007aad80000, 0x00000007c0000000)
  eden space 127488K, 0% used [0x00000007a0000000,0x00000007a0000000,0x00000007a7c80000)
  from space 10752K, 99% used [0x00000007a7c80000,0x00000007a86f95f8,0x00000007a8700000)
  to   space 13312K, 0% used [0x00000007aa080000,0x00000007aa080000,0x00000007aad80000)
 ParOldGen       total 103936K, used 10563K [0x0000000760000000, 0x0000000766580000, 0x00000007a0000000)
  object space 103936K, 10% used [0x0000000760000000,0x0000000760a50ed8,0x0000000766580000)
 Metaspace       used 34652K, capacity 35200K, committed 35416K, reserved 1079296K
  class space    used 4771K, capacity 4970K, committed 4992K, reserved 1048576K
}
Event: 5.289 GC heap before
{Heap before GC invocations=7 (full 2):
 PSYoungGen      total 138240K, used 10725K [0x00000007a0000000, 0x00000007aad80000, 0x00000007c0000000)
  eden space 127488K, 0% used [0x00000007a0000000,0x00000007a0000000,0x00000007a7c80000)
  from space 10752K, 99% used [0x00000007a7c80000,0x00000007a86f95f8,0x00000007a8700000)
  to   space 13312K, 0% used [0x00000007aa080000,0x00000007aa080000,0x00000007aad80000)
 ParOldGen       total 103936K, used 10563K [0x0000000760000000, 0x0000000766580000, 0x00000007a0000000)
  object space 103936K, 10% used [0x0000000760000000,0x0000000760a50ed8,0x0000000766580000)
 Metaspace       used 34652K, capacity 35200K, committed 35416K, reserved 1079296K
  class space    used 4771K, capacity 4970K, committed 4992K, reserved 1048576K
Event: 5.326 GC heap after
Heap after GC invocations=7 (full 2):
 PSYoungGen      total 138240K, used 0K [0x00000007a0000000, 0x00000007aad80000, 0x00000007c0000000)
  eden space 127488K, 0% used [0x00000007a0000000,0x00000007a0000000,0x00000007a7c80000)
  from space 10752K, 0% used [0x00000007a7c80000,0x00000007a7c80000,0x00000007a8700000)
  to   space 13312K, 0% used [0x00000007aa080000,0x00000007aa080000,0x00000007aad80000)
 ParOldGen       total 167936K, used 19115K [0x0000000760000000, 0x000000076a400000, 0x00000007a0000000)
  object space 167936K, 11% used [0x0000000760000000,0x00000007612aaf50,0x000000076a400000)
 Metaspace       used 34652K, capacity 35200K, committed 35416K, reserved 1079296K
  class space    used 4771K, capacity 4970K, committed 4992K, reserved 1048576K
}
Event: 6.759 GC heap before
{Heap before GC invocations=8 (full 2):
 PSYoungGen      total 138240K, used 127488K [0x00000007a0000000, 0x00000007aad80000, 0x00000007c0000000)
  eden space 127488K, 100% used [0x00000007a0000000,0x00000007a7c80000,0x00000007a7c80000)
  from space 10752K, 0% used [0x00000007a7c80000,0x00000007a7c80000,0x00000007a8700000)
  to   space 13312K, 0% used [0x00000007aa080000,0x00000007aa080000,0x00000007aad80000)
 ParOldGen       total 167936K, used 19115K [0x0000000760000000, 0x000000076a400000, 0x00000007a0000000)
  object space 167936K, 11% used [0x0000000760000000,0x00000007612aaf50,0x000000076a400000)
 Metaspace       used 42659K, capacity 43570K, committed 43864K, reserved 1087488K
  class space    used 5903K, capacity 6172K, committed 6272K, reserved 1048576K
Event: 6.773 GC heap after
Heap after GC invocations=8 (full 2):
 PSYoungGen      total 162304K, used 13298K [0x00000007a0000000, 0x00000007ad280000, 0x00000007c0000000)
  eden space 148992K, 0% used [0x00000007a0000000,0x00000007a0000000,0x00000007a9180000)
  from space 13312K, 99% used [0x00000007aa080000,0x00000007aad7c890,0x00000007aad80000)
  to   space 15360K, 0% used [0x00000007a9180000,0x00000007a9180000,0x00000007aa080000)
 ParOldGen       total 167936K, used 19679K [0x0000000760000000, 0x000000076a400000, 0x00000007a0000000)
  object space 167936K, 11% used [0x0000000760000000,0x0000000761337f48,0x000000076a400000)
 Metaspace       used 42659K, capacity 43570K, committed 43864K, reserved 1087488K
  class space    used 5903K, capacity 6172K, committed 6272K, reserved 1048576K
}

